[DEBUG] 2015-12-04 09:39:06 E:/MyProject/GitHub/survive/src/survive/server/login/internal/handler.go:survive/server/login/internal.handleHello login prepare send: [123]
[DEBUG] 2015-12-04 09:39:06 E:/MyProject/GitHub/survive/src/survive/server/login/internal/handler.go:survive/server/login/internal.handleHello login after send: [123]
[DEBUG] 2015-12-04 09:39:06 E:/MyProject/GitHub/survive/src/survive/server/game/internal/handler.go:survive/server/game/internal.handleHello game receive: [123]
[DEBUG] 2015-12-04 09:39:09 E:/MyProject/GitHub/survive/src/survive/server/game/internal/handler.go:survive/server/game/internal.handleHello game after send: [hello,client_1]
[DEBUG] 2015-12-05 16:59:12 E:/MyProject/GitHub/survive/src/survive/server/login/internal/handler.go:survive/server/login/internal.handleHello login prepare send: [123123]
[DEBUG] 2015-12-05 16:59:12 E:/MyProject/GitHub/survive/src/survive/server/login/internal/handler.go:survive/server/login/internal.handleHello login after send: [123123]
[DEBUG] 2015-12-05 16:59:12 E:/MyProject/GitHub/survive/src/survive/server/game/internal/handler.go:survive/server/game/internal.handleHello game receive: [123123]
[DEBUG] 2015-12-05 16:59:15 E:/MyProject/GitHub/survive/src/survive/server/game/internal/handler.go:survive/server/game/internal.handleHello game after send: [hello,client_1]
[DEBUG] 2015-12-05 16:59:23 E:/MyProject/GitHub/survive/src/survive/server/login/internal/handler.go:survive/server/login/internal.handleHello login prepare send: [123]
[DEBUG] 2015-12-05 16:59:23 E:/MyProject/GitHub/survive/src/survive/server/login/internal/handler.go:survive/server/login/internal.handleHello login after send: [123]
[DEBUG] 2015-12-05 16:59:23 E:/MyProject/GitHub/survive/src/survive/server/game/internal/handler.go:survive/server/game/internal.handleHello game receive: [123]
[DEBUG] 2015-12-05 16:59:25 E:/MyProject/GitHub/survive/src/survive/server/login/internal/handler.go:survive/server/login/internal.handleHello login prepare send: [123321]
[DEBUG] 2015-12-05 16:59:25 E:/MyProject/GitHub/survive/src/survive/server/login/internal/handler.go:survive/server/login/internal.handleHello login after send: [123321]
[DEBUG] 2015-12-05 16:59:26 E:/MyProject/GitHub/survive/src/survive/server/game/internal/handler.go:survive/server/game/internal.handleHello game after send: [hello,client_2]
[DEBUG] 2015-12-05 16:59:26 E:/MyProject/GitHub/survive/src/survive/server/game/internal/handler.go:survive/server/game/internal.handleHello game receive: [123321]
[DEBUG] 2015-12-05 16:59:29 E:/MyProject/GitHub/survive/src/survive/server/game/internal/handler.go:survive/server/game/internal.handleHello game after send: [hello,client_3]
[DEBUG] 2015-12-05 17:15:53 E:/MyProject/GitHub/survive/src/survive/server/login/internal/handler/login.go:survive/server/login/internal/handler.Login login prepare send: [123]
[DEBUG] 2015-12-05 17:15:53 E:/MyProject/GitHub/survive/src/survive/server/login/internal/handler/login.go:survive/server/login/internal/handler.Login login after send: [123]
[DEBUG] 2015-12-05 17:15:53 E:/MyProject/GitHub/survive/src/survive/server/game/internal/handler/userLogin.go:survive/server/game/internal/handler.UserLogin game receive: [123]
[DEBUG] 2015-12-05 17:15:54 E:/MyProject/GitHub/survive/src/survive/server/login/internal/handler/login.go:survive/server/login/internal/handler.Login login prepare send: [12334]
[DEBUG] 2015-12-05 17:15:54 E:/MyProject/GitHub/survive/src/survive/server/login/internal/handler/login.go:survive/server/login/internal/handler.Login login after send: [12334]
[DEBUG] 2015-12-05 17:15:55 E:/MyProject/GitHub/survive/src/survive/server/login/internal/handler/login.go:survive/server/login/internal/handler.Login login prepare send: [123345]
[DEBUG] 2015-12-05 17:15:55 E:/MyProject/GitHub/survive/src/survive/server/login/internal/handler/login.go:survive/server/login/internal/handler.Login login after send: [123345]
[DEBUG] 2015-12-05 17:15:56 E:/MyProject/GitHub/survive/src/survive/server/game/internal/handler/userLogin.go:survive/server/game/internal/handler.UserLogin game after send: [hello,client_1]
[DEBUG] 2015-12-05 17:15:56 E:/MyProject/GitHub/survive/src/survive/server/game/internal/handler/userLogin.go:survive/server/game/internal/handler.UserLogin game receive: [12334]
[DEBUG] 2015-12-05 17:15:57 E:/MyProject/GitHub/survive/src/survive/server/login/internal/handler/login.go:survive/server/login/internal/handler.Login login prepare send: [123345666]
[DEBUG] 2015-12-05 17:15:57 E:/MyProject/GitHub/survive/src/survive/server/login/internal/handler/login.go:survive/server/login/internal/handler.Login login after send: [123345666]
[DEBUG] 2015-12-05 17:15:59 E:/MyProject/GitHub/survive/src/survive/server/game/internal/handler/userLogin.go:survive/server/game/internal/handler.UserLogin game after send: [hello,client_2]
[DEBUG] 2015-12-05 17:15:59 E:/MyProject/GitHub/survive/src/survive/server/game/internal/handler/userLogin.go:survive/server/game/internal/handler.UserLogin game receive: [123345]
[DEBUG] 2015-12-05 17:16:02 E:/MyProject/GitHub/survive/src/survive/server/game/internal/handler/userLogin.go:survive/server/game/internal/handler.UserLogin game after send: [hello,client_3]
[DEBUG] 2015-12-05 17:16:02 E:/MyProject/GitHub/survive/src/survive/server/game/internal/handler/userLogin.go:survive/server/game/internal/handler.UserLogin game receive: [123345666]
[DEBUG] 2015-12-05 17:16:05 E:/MyProject/GitHub/survive/src/survive/server/game/internal/handler/userLogin.go:survive/server/game/internal/handler.UserLogin game after send: [hello,client_4]
[DEBUG] 2015-12-05 17:22:04 E:/MyProject/GitHub/survive/src/survive/server/modules/login/internal/handler/login.go:survive/server/modules/login/internal/handler.Login login prepare send: [123]
[DEBUG] 2015-12-05 17:22:04 E:/MyProject/GitHub/survive/src/survive/server/modules/login/internal/handler/login.go:survive/server/modules/login/internal/handler.Login login after send: [123]
[DEBUG] 2015-12-05 17:22:04 E:/MyProject/GitHub/survive/src/survive/server/modules/game/internal/handler/userLogin.go:survive/server/modules/game/internal/handler.UserLogin game receive: [123]
[DEBUG] 2015-12-05 17:22:05 E:/MyProject/GitHub/survive/src/survive/server/modules/login/internal/handler/login.go:survive/server/modules/login/internal/handler.Login login prepare send: [123444]
[DEBUG] 2015-12-05 17:22:05 E:/MyProject/GitHub/survive/src/survive/server/modules/login/internal/handler/login.go:survive/server/modules/login/internal/handler.Login login after send: [123444]
[DEBUG] 2015-12-05 17:22:06 E:/MyProject/GitHub/survive/src/survive/server/modules/login/internal/handler/login.go:survive/server/modules/login/internal/handler.Login login prepare send: [123444555]
[DEBUG] 2015-12-05 17:22:06 E:/MyProject/GitHub/survive/src/survive/server/modules/login/internal/handler/login.go:survive/server/modules/login/internal/handler.Login login after send: [123444555]
[DEBUG] 2015-12-05 17:22:07 E:/MyProject/GitHub/survive/src/survive/server/modules/game/internal/handler/userLogin.go:survive/server/modules/game/internal/handler.UserLogin game after send: [hello,client_1]
[DEBUG] 2015-12-05 17:22:07 E:/MyProject/GitHub/survive/src/survive/server/modules/game/internal/handler/userLogin.go:survive/server/modules/game/internal/handler.UserLogin game receive: [123444]
[DEBUG] 2015-12-05 17:22:07 E:/MyProject/GitHub/survive/src/survive/server/modules/login/internal/handler/login.go:survive/server/modules/login/internal/handler.Login login prepare send: [123444555666]
[DEBUG] 2015-12-05 17:22:07 E:/MyProject/GitHub/survive/src/survive/server/modules/login/internal/handler/login.go:survive/server/modules/login/internal/handler.Login login after send: [123444555666]
[DEBUG] 2015-12-05 17:22:10 E:/MyProject/GitHub/survive/src/survive/server/modules/game/internal/handler/userLogin.go:survive/server/modules/game/internal/handler.UserLogin game after send: [hello,client_2]
[DEBUG] 2015-12-05 17:22:10 E:/MyProject/GitHub/survive/src/survive/server/modules/game/internal/handler/userLogin.go:survive/server/modules/game/internal/handler.UserLogin game receive: [123444555]
[DEBUG] 2015-12-05 17:22:13 E:/MyProject/GitHub/survive/src/survive/server/modules/game/internal/handler/userLogin.go:survive/server/modules/game/internal/handler.UserLogin game after send: [hello,client_3]
[DEBUG] 2015-12-05 17:22:13 E:/MyProject/GitHub/survive/src/survive/server/modules/game/internal/handler/userLogin.go:survive/server/modules/game/internal/handler.UserLogin game receive: [123444555666]
[DEBUG] 2015-12-05 17:22:16 E:/MyProject/GitHub/survive/src/survive/server/modules/game/internal/handler/userLogin.go:survive/server/modules/game/internal/handler.UserLogin game after send: [hello,client_4]
