[INFO] 2015-12-04 09:37:21 E:/MyProject/GitHub/survive/src/survive/server/logger/logger.go:survive/server/logger.init.1 logger initial success!
[INFO] 2015-12-04 09:37:21 E:/MyProject/GitHub/survive/src/survive/server/main.go:main.main prepare Run:
[INFO] 2015-12-05 16:58:41 E:/MyProject/GitHub/survive/src/survive/server/logger/logger.go:survive/server/logger.init.1 logger initial success!
[INFO] 2015-12-05 16:58:42 E:/MyProject/GitHub/survive/src/survive/server/main.go:main.main prepare Run:
[INFO] 2015-12-05 17:15:47 E:/MyProject/GitHub/survive/src/survive/server/logger/logger.go:survive/server/logger.init.1 logger initial success!
[INFO] 2015-12-05 17:15:47 E:/MyProject/GitHub/survive/src/survive/server/main.go:main.main prepare Run:
[INFO] 2015-12-05 17:22:01 E:/MyProject/GitHub/survive/src/survive/server/logger/logger.go:survive/server/logger.init.1 logger initial success!
[INFO] 2015-12-05 17:22:01 E:/MyProject/GitHub/survive/src/survive/server/main.go:main.main prepare Run:
[INFO] 2015-12-05 17:39:27 E:/MyProject/GitHub/survive/src/survive/server/logger/logger.go:survive/server/logger.init.1 logger initial success!
[INFO] 2015-12-05 17:39:27 E:/MyProject/GitHub/survive/src/survive/server/main.go:main.main prepare Run:
[INFO] 2015-12-06 21:28:16 E:/MyProject/GitHub/survive/src/survive/server/logger/logger.go:survive/server/logger.init.1 logger initial success!
[INFO] 2015-12-06 21:28:16 E:/MyProject/GitHub/survive/src/survive/server/main.go:main.main prepare Run:
[INFO] 2015-12-06 21:56:21 E:/MyProject/GitHub/survive/src/survive/server/logger/logger.go:survive/server/logger.init.1 logger initial success!
[INFO] 2015-12-06 21:56:21 E:/MyProject/GitHub/survive/src/survive/server/main.go:main.main prepare Run:
[INFO] 2015-12-06 21:56:30 E:/MyProject/GitHub/survive/src/survive/server/logger/logger.go:survive/server/logger.init.1 logger initial success!
[INFO] 2015-12-06 21:56:30 E:/MyProject/GitHub/survive/src/survive/server/main.go:main.main prepare Run:
[INFO] 2015-12-06 22:27:22 E:/MyProject/GitHub/survive/src/survive/server/logger/logger.go:survive/server/logger.init.1 logger initial success!
[INFO] 2015-12-06 22:27:22 E:/MyProject/GitHub/survive/src/survive/server/main.go:main.main prepare Run:
[INFO] 2015-12-06 22:29:04 E:/MyProject/GitHub/survive/src/survive/server/logger/logger.go:survive/server/logger.init.1 logger initial success!
[INFO] 2015-12-06 22:29:04 E:/MyProject/GitHub/survive/src/survive/server/main.go:main.main prepare Run:
[INFO] 2015-12-12 14:42:07 E:/MyProject/GitHub/survive/src/survive/server/logger/logger.go:survive/server/logger.init.1 logger initial success!
[INFO] 2015-12-12 14:42:07 E:/MyProject/GitHub/survive/src/survive/server/main.go:main.main prepare Run:
[INFO] 2016-01-28 17:14:52 E:/MyProject/GitHub/survive/src/survive/server/logger/logger.go:survive/server/logger.init.1 logger initial success!
[INFO] 2016-01-29 17:32:55 E:/MyProject/GitHub/survive/src/survive/server/logger/logger.go:survive/server/logger.init.1 logger initial success!
[INFO] 2016-01-29 17:32:55 E:/MyProject/GitHub/survive/src/survive/server/logic/time/source.go:survive/server/logic/time.(*Source).Begin 已创建帧间隔为 1µs ms的ticker,准备进入时间生成主循环
[INFO] 2016-01-30 10:41:55 E:/MyProject/GitHub/survive/src/survive/server/logger/logger.go:survive/server/logger.init.1 logger initial success!
[INFO] 2016-01-30 10:41:55 E:/MyProject/GitHub/survive/src/survive/server/logic/time/source.go:survive/server/logic/time.(*Source).Begin 已创建帧间隔为 1µs ms的ticker,准备进入时间生成主循环
[INFO] 2016-01-30 14:21:58 E:/MyProject/GitHub/survive/src/survive/server/logger/logger.go:survive/server/logger.init.1 logger initial success!
[INFO] 2016-01-30 14:21:58 E:/MyProject/GitHub/survive/src/survive/server/logic/time/source.go:survive/server/logic/time.(*Source).Begin 已创建帧间隔为 1µs ms的ticker,准备进入时间生成主循环
[INFO] 2016-01-30 15:23:44 E:/MyProject/GitHub/survive/src/survive/server/logger/logger.go:survive/server/logger.init.1 logger initial success!
[INFO] 2016-01-30 15:23:44 E:/MyProject/GitHub/survive/src/survive/server/logic/time/source.go:survive/server/logic/time.(*Source).Begin 已创建帧间隔为 1µs ms的ticker,准备进入时间生成主循环
[INFO] 2016-01-30 15:26:50 E:/MyProject/GitHub/survive/src/survive/server/logger/logger.go:survive/server/logger.init.1 logger initial success!
[INFO] 2016-01-30 15:26:50 E:/MyProject/GitHub/survive/src/survive/server/logic/time/source.go:survive/server/logic/time.(*Source).Begin 已创建帧间隔为 1000 ms的ticker,准备进入时间生成主循环
[INFO] 2016-01-30 15:26:50 E:/MyProject/GitHub/survive/src/survive/server/logic/time/source.go:survive/server/logic/time.(*Source).Begin 已创建帧间隔为 1µs ms的ticker,准备进入时间生成主循环
[INFO] 2016-01-30 15:27:31 E:/MyProject/GitHub/survive/src/survive/server/logger/logger.go:survive/server/logger.init.1 logger initial success!
[INFO] 2016-01-30 15:27:31 E:/MyProject/GitHub/survive/src/survive/server/logic/time/source.go:survive/server/logic/time.(*Source).Begin 已创建帧间隔为 1s 的ticker,准备进入时间生成主循环
[INFO] 2016-01-30 15:59:44 E:/MyProject/GitHub/survive/src/survive/server/logger/logger.go:survive/server/logger.init.1 logger initial success!
[INFO] 2016-01-30 15:59:44 E:/MyProject/GitHub/survive/src/survive/server/logic/time/source.go:survive/server/logic/time.(*Source).Begin 已创建帧间隔为 1s 的ticker,准备进入时间生成主循环
[INFO] 2016-01-30 16:14:00 E:/MyProject/GitHub/survive/src/survive/server/logger/logger.go:survive/server/logger.init.1 logger initial success!
[INFO] 2016-01-30 16:14:00 E:/MyProject/GitHub/survive/src/survive/server/logic/time/source.go:survive/server/logic/time.(*Source).Begin 已创建帧间隔为 1s 的ticker,准备进入时间生成主循环
[INFO] 2016-01-30 16:21:44 E:/MyProject/GitHub/survive/src/survive/server/logger/logger.go:survive/server/logger.init.1 logger initial success!
[INFO] 2016-01-30 16:21:44 E:/MyProject/GitHub/survive/src/survive/server/logic/time/source.go:survive/server/logic/time.(*Source).Begin 已创建帧间隔为 1s 的ticker,准备进入时间生成主循环
[INFO] 2016-01-30 16:23:08 E:/MyProject/GitHub/survive/src/survive/server/logger/logger.go:survive/server/logger.init.1 logger initial success!
[INFO] 2016-01-30 16:23:08 E:/MyProject/GitHub/survive/src/survive/server/logic/time/source.go:survive/server/logic/time.(*Source).Begin 已创建帧间隔为 1s 的ticker,准备进入时间生成主循环
[INFO] 2016-01-30 16:24:44 E:/MyProject/GitHub/survive/src/survive/server/logger/logger.go:survive/server/logger.init.1 logger initial success!
[INFO] 2016-01-30 16:24:44 E:/MyProject/GitHub/survive/src/survive/server/logic/time/source.go:survive/server/logic/time.(*Source).Begin 已创建帧间隔为 1s 的ticker,准备进入时间生成主循环
[INFO] 2016-01-30 16:25:49 E:/MyProject/GitHub/survive/src/survive/server/logger/logger.go:survive/server/logger.init.1 logger initial success!
[INFO] 2016-01-30 16:25:49 E:/MyProject/GitHub/survive/src/survive/server/logic/time/source.go:survive/server/logic/time.(*Source).Begin 已创建帧间隔为 1s 的ticker,准备进入时间生成主循环
[INFO] 2016-01-30 16:27:30 E:/MyProject/GitHub/survive/src/survive/server/logger/logger.go:survive/server/logger.init.1 logger initial success!
[INFO] 2016-01-30 16:27:30 E:/MyProject/GitHub/survive/src/survive/server/logic/time/source.go:survive/server/logic/time.(*Source).Begin 已创建帧间隔为 1s 的ticker,准备进入时间生成主循环
[INFO] 2016-01-30 16:32:23 E:/MyProject/GitHub/survive/src/survive/server/logger/logger.go:survive/server/logger.init.1 logger initial success!
[INFO] 2016-01-30 16:32:23 E:/MyProject/GitHub/survive/src/survive/server/logic/time/source.go:survive/server/logic/time.(*Source).Begin 已创建帧间隔为 1s 的ticker,准备进入时间生成主循环
[INFO] 2016-01-30 16:35:07 E:/MyProject/GitHub/survive/src/survive/server/logger/logger.go:survive/server/logger.init.1 logger initial success!
[INFO] 2016-01-30 16:35:07 E:/MyProject/GitHub/survive/src/survive/server/logic/time/source.go:survive/server/logic/time.(*Source).Begin 已创建帧间隔为 1s 的ticker,准备进入时间生成主循环
[INFO] 2016-01-30 16:35:50 E:/MyProject/GitHub/survive/src/survive/server/logger/logger.go:survive/server/logger.init.1 logger initial success!
[INFO] 2016-01-30 16:35:50 E:/MyProject/GitHub/survive/src/survive/server/logic/time/source.go:survive/server/logic/time.(*Source).Begin 已创建帧间隔为 1s 的ticker,准备进入时间生成主循环
[INFO] 2016-01-30 16:40:42 E:/MyProject/GitHub/survive/src/survive/server/logger/logger.go:survive/server/logger.init.1 logger initial success!
[INFO] 2016-01-30 16:40:42 E:/MyProject/GitHub/survive/src/survive/server/logic/time/source.go:survive/server/logic/time.(*Source).Begin 已创建帧间隔为 1s 的ticker,准备进入时间生成主循环
[INFO] 2016-01-30 16:43:26 E:/MyProject/GitHub/survive/src/survive/server/logger/logger.go:survive/server/logger.init.1 logger initial success!
[INFO] 2016-01-30 16:43:26 E:/MyProject/GitHub/survive/src/survive/server/logic/time/source.go:survive/server/logic/time.(*Source).Begin 已创建帧间隔为 1s 的ticker,准备进入时间生成主循环
[INFO] 2016-01-30 16:45:57 E:/MyProject/GitHub/survive/src/survive/server/logger/logger.go:survive/server/logger.init.1 logger initial success!
[INFO] 2016-01-30 16:45:57 E:/MyProject/GitHub/survive/src/survive/server/logic/time/source.go:survive/server/logic/time.(*Source).Begin 已创建帧间隔为 1s 的ticker,准备进入时间生成主循环
[INFO] 2016-01-30 16:55:09 E:/MyProject/GitHub/survive/src/survive/server/logger/logger.go:survive/server/logger.init.1 logger initial success!
[INFO] 2016-01-30 16:55:09 E:/MyProject/GitHub/survive/src/survive/server/logic/time/source.go:survive/server/logic/time.(*Source).Begin 已创建帧间隔为 1s 的ticker,准备进入时间生成主循环
[INFO] 2016-01-30 16:57:07 E:/MyProject/GitHub/survive/src/survive/server/logger/logger.go:survive/server/logger.init.1 logger initial success!
[INFO] 2016-01-30 16:57:07 E:/MyProject/GitHub/survive/src/survive/server/logic/time/source.go:survive/server/logic/time.(*Source).Begin 已创建帧间隔为 1s 的ticker,准备进入时间生成主循环
[INFO] 2016-01-30 16:58:49 E:/MyProject/GitHub/survive/src/survive/server/logger/logger.go:survive/server/logger.init.1 logger initial success!
[INFO] 2016-01-30 16:58:49 E:/MyProject/GitHub/survive/src/survive/server/logic/time/source.go:survive/server/logic/time.(*Source).Begin 已创建帧间隔为 1s 的ticker,准备进入时间生成主循环
[INFO] 2016-01-30 16:59:52 E:/MyProject/GitHub/survive/src/survive/server/logger/logger.go:survive/server/logger.init.1 logger initial success!
[INFO] 2016-01-30 16:59:52 E:/MyProject/GitHub/survive/src/survive/server/logic/time/source.go:survive/server/logic/time.(*Source).Begin 已创建帧间隔为 1s 的ticker,准备进入时间生成主循环
[INFO] 2016-01-30 17:02:38 E:/MyProject/GitHub/survive/src/survive/server/logger/logger.go:survive/server/logger.init.1 logger initial success!
[INFO] 2016-01-30 17:02:38 E:/MyProject/GitHub/survive/src/survive/server/logic/time/source.go:survive/server/logic/time.(*Source).Begin 已创建帧间隔为 1s 的ticker,准备进入时间生成主循环
[INFO] 2016-01-30 17:06:34 E:/MyProject/GitHub/survive/src/survive/server/logger/logger.go:survive/server/logger.init.1 logger initial success!
[INFO] 2016-01-30 17:06:34 E:/MyProject/GitHub/survive/src/survive/server/logic/time/source.go:survive/server/logic/time.(*Source).Begin 已创建帧间隔为 1s 的ticker,准备进入时间生成主循环
[INFO] 2016-01-30 17:07:06 E:/MyProject/GitHub/survive/src/survive/server/logger/logger.go:survive/server/logger.init.1 logger initial success!
[INFO] 2016-01-30 17:07:06 E:/MyProject/GitHub/survive/src/survive/server/logic/time/source.go:survive/server/logic/time.(*Source).Begin 已创建帧间隔为 1s 的ticker,准备进入时间生成主循环
[INFO] 2016-01-30 17:10:40 E:/MyProject/GitHub/survive/src/survive/server/logger/logger.go:survive/server/logger.init.1 logger initial success!
[INFO] 2016-01-30 17:10:40 E:/MyProject/GitHub/survive/src/survive/server/logic/time/source.go:survive/server/logic/time.(*Source).Begin 已创建帧间隔为 1s 的ticker,准备进入时间生成主循环
[INFO] 2016-01-30 17:17:09 E:/MyProject/GitHub/survive/src/survive/server/logger/logger.go:survive/server/logger.init.1 logger initial success!
[INFO] 2016-01-30 17:17:09 E:/MyProject/GitHub/survive/src/survive/server/logic/time/source.go:survive/server/logic/time.(*Source).Begin 已创建帧间隔为 1s 的ticker,准备进入时间生成主循环
[INFO] 2016-01-31 21:07:27 E:/MyProject/GitHub/survive/src/survive/server/logger/logger.go:survive/server/logger.init.1 logger initial success!
[INFO] 2016-01-31 21:07:27 E:/MyProject/GitHub/survive/src/survive/server/logic/time/source.go:survive/server/logic/time.(*Source).Begin 已创建帧间隔为 1s 的ticker,准备进入时间生成主循环
[INFO] 2016-01-31 21:09:34 E:/MyProject/GitHub/survive/src/survive/server/logger/logger.go:survive/server/logger.init.1 logger initial success!
[INFO] 2016-01-31 21:09:34 E:/MyProject/GitHub/survive/src/survive/server/logic/time/source.go:survive/server/logic/time.(*Source).Begin 已创建帧间隔为 1s 的ticker,准备进入时间生成主循环
[INFO] 2016-01-31 21:13:10 E:/MyProject/GitHub/survive/src/survive/server/logger/logger.go:survive/server/logger.init.1 logger initial success!
[INFO] 2016-01-31 21:13:10 E:/MyProject/GitHub/survive/src/survive/server/logic/time/source.go:survive/server/logic/time.(*Source).Begin 已创建帧间隔为 1s 的ticker,准备进入时间生成主循环
[INFO] 2016-01-31 21:16:36 E:/MyProject/GitHub/survive/src/survive/server/logger/logger.go:survive/server/logger.init.1 logger initial success!
[INFO] 2016-01-31 21:16:36 E:/MyProject/GitHub/survive/src/survive/server/logic/time/source.go:survive/server/logic/time.(*Source).Begin 已创建帧间隔为 1s 的ticker,准备进入时间生成主循环
[INFO] 2016-01-31 21:17:12 E:/MyProject/GitHub/survive/src/survive/server/logger/logger.go:survive/server/logger.init.1 logger initial success!
[INFO] 2016-01-31 21:17:12 E:/MyProject/GitHub/survive/src/survive/server/logic/time/source.go:survive/server/logic/time.(*Source).Begin 已创建帧间隔为 1s 的ticker,准备进入时间生成主循环
[INFO] 2016-01-31 21:39:38 E:/MyProject/GitHub/survive/src/survive/server/logger/logger.go:survive/server/logger.init.1 logger initial success!
[INFO] 2016-01-31 21:39:38 E:/MyProject/GitHub/survive/src/survive/server/logic/time/source.go:survive/server/logic/time.(*Source).Begin 已创建帧间隔为 1s 的ticker,准备进入时间生成主循环
[INFO] 2016-01-31 21:40:31 E:/MyProject/GitHub/survive/src/survive/server/logger/logger.go:survive/server/logger.init.1 logger initial success!
[INFO] 2016-01-31 21:40:31 E:/MyProject/GitHub/survive/src/survive/server/logic/time/source.go:survive/server/logic/time.(*Source).Begin 已创建帧间隔为 1s 的ticker,准备进入时间生成主循环
[INFO] 2016-01-31 21:42:51 E:/MyProject/GitHub/survive/src/survive/server/logger/logger.go:survive/server/logger.init.1 logger initial success!
[INFO] 2016-01-31 21:42:51 E:/MyProject/GitHub/survive/src/survive/server/logic/time/source.go:survive/server/logic/time.(*Source).Begin 已创建帧间隔为 1s 的ticker,准备进入时间生成主循环
[INFO] 2016-01-31 21:48:19 E:/MyProject/GitHub/survive/src/survive/server/logger/logger.go:survive/server/logger.init.1 logger initial success!
[INFO] 2016-01-31 21:48:19 E:/MyProject/GitHub/survive/src/survive/server/logic/time/source.go:survive/server/logic/time.(*Source).Begin 已创建帧间隔为 1s 的ticker,准备进入时间生成主循环
[INFO] 2016-01-31 21:50:07 E:/MyProject/GitHub/survive/src/survive/server/logger/logger.go:survive/server/logger.init.1 logger initial success!
[INFO] 2016-01-31 21:50:07 E:/MyProject/GitHub/survive/src/survive/server/logic/time/source.go:survive/server/logic/time.(*Source).Begin 已创建帧间隔为 1s 的ticker,准备进入时间生成主循环
[INFO] 2016-01-31 21:52:09 E:/MyProject/GitHub/survive/src/survive/server/logger/logger.go:survive/server/logger.init.1 logger initial success!
[INFO] 2016-01-31 21:52:09 E:/MyProject/GitHub/survive/src/survive/server/logic/time/source.go:survive/server/logic/time.(*Source).Begin 已创建帧间隔为 1s 的ticker,准备进入时间生成主循环
[INFO] 2016-01-31 21:53:07 E:/MyProject/GitHub/survive/src/survive/server/logger/logger.go:survive/server/logger.init.1 logger initial success!
[INFO] 2016-01-31 21:53:07 E:/MyProject/GitHub/survive/src/survive/server/logic/time/source.go:survive/server/logic/time.(*Source).Begin 已创建帧间隔为 1s 的ticker,准备进入时间生成主循环
[INFO] 2016-02-01 08:51:16 E:/MyProject/GitHub/survive/src/survive/server/logger/logger.go:survive/server/logger.init.1 logger initial success!
[INFO] 2016-02-01 08:51:16 E:/MyProject/GitHub/survive/src/survive/server/logic/time/source.go:survive/server/logic/time.(*Source).Begin 已创建帧间隔为 1s 的ticker,准备进入时间生成主循环
[INFO] 2016-02-01 15:24:22 E:/MyProject/GitHub/survive/src/survive/server/logger/logger.go:survive/server/logger.init.1 logger initial success!
[INFO] 2016-02-01 15:24:22 E:/MyProject/GitHub/survive/src/survive/server/logic/time/source.go:survive/server/logic/time.(*Source).Begin 已创建帧间隔为 1s 的ticker,准备进入时间生成主循环
